#
# There is insufficient memory for the Java Runtime Environment to continue.
# Native memory allocation (malloc) failed to allocate 1048576 bytes for AllocateHeap
# Possible reasons:
#   The system is out of physical RAM or swap space
#   In 32 bit mode, the process size limit was hit
# Possible solutions:
#   Reduce memory load on the system
#   Increase physical memory or swap space
#   Check if swap backing store is full
#   Use 64 bit Java on a 64 bit OS
#   Decrease Java heap size (-Xmx/-Xms)
#   Decrease number of Java threads
#   Decrease Java thread stack sizes (-Xss)
#   Set larger code cache with -XX:ReservedCodeCacheSize=
# This output file may be truncated or incomplete.
#
#  Out of Memory Error (memory/allocation.inline.hpp:61), pid=19748, tid=0x0000000000002ef8
#
# JRE version:  (8.0_131-b11) (build )
# Java VM: Java HotSpot(TM) 64-Bit Server VM (25.131-b11 mixed mode windows-amd64 compressed oops)
# Failed to write core dump. Minidumps are not enabled by default on client versions of Windows
#

---------------  T H R E A D  ---------------

Current thread (0x0000000003570800):  JavaThread "Unknown thread" [_thread_in_vm, id=12024, stack(0x0000000003380000,0x0000000003480000)]

Stack: [0x0000000003380000,0x0000000003480000]
[error occurred during error reporting (printing stack bounds), id 0xc0000005]

Native frames: (J=compiled Java code, j=interpreted, Vv=VM code, C=native code)


---------------  P R O C E S S  ---------------

Java Threads: ( => current thread )

Other Threads:

=>0x0000000003570800 (exited) JavaThread "Unknown thread" [_thread_in_vm, id=12024, stack(0x0000000003380000,0x0000000003480000)]

VM state:not at safepoint (normal execution)

VM Mutex/Monitor currently owned by a thread: None

Heap:
 PSYoungGen      total 18944K, used 327K [0x00000000eb400000, 0x00000000ec900000, 0x0000000100000000)
  eden space 16384K, 2% used [0x00000000eb400000,0x00000000eb451ec8,0x00000000ec400000)
  from space 2560K, 0% used [0x00000000ec680000,0x00000000ec680000,0x00000000ec900000)
  to   space 2560K, 0% used [0x00000000ec400000,0x00000000ec400000,0x00000000ec680000)
 ParOldGen       total 44032K, used 0K [0x00000000c1c00000, 0x00000000c4700000, 0x00000000eb400000)
  object space 44032K, 0% used [0x00000000c1c00000,0x00000000c1c00000,0x00000000c4700000)
 Metaspace       used 746K, capacity 4480K, committed 4480K, reserved 1056768K
  class space    used 75K, capacity 384K, committed 384K, reserved 1048576K

Card table byte_map: [0x0000000012a30000,0x0000000012c30000] byte_map_base: 0x0000000012422000

Marking Bits: (ParMarkBitMap*) 0x0000000073e8c720
 Begin Bits: [0x0000000013180000, 0x0000000014110000)
 End Bits:   [0x0000000014110000, 0x00000000150a0000)

Polling page: 0x00000000017b0000

CodeCache: size=245760Kb used=328Kb max_used=328Kb free=245431Kb
 bounds [0x0000000003670000, 0x00000000038e0000, 0x0000000012670000]
 total_blobs=58 nmethods=0 adapters=38
 compilation: enabled

Compilation events (0 events):
No events

GC Heap History (0 events):
No events

Deoptimization events (0 events):
No events

Internal exceptions (0 events):
No events

Events (10 events):
Event: 0.088 loading class java/lang/Short
Event: 0.088 loading class java/lang/Short done
Event: 0.088 loading class java/lang/Integer
Event: 0.088 loading class java/lang/Integer done
Event: 0.088 loading class java/lang/Long
Event: 0.088 loading class java/lang/Long done
Event: 0.089 loading class java/lang/NullPointerException
Event: 0.089 loading class java/lang/NullPointerException done
Event: 0.089 loading class java/lang/ArithmeticException
Event: 0.089 loading class java/lang/ArithmeticException done


Dynamic libraries:
0x00007ff615d40000 - 0x00007ff615d77000 	D:\Java\jre\bin\javaw.exe
0x00007ffaf9d10000 - 0x00007ffaf9eeb000 	C:\WINDOWS\SYSTEM32\ntdll.dll
0x00007ffaf9710000 - 0x00007ffaf97be000 	C:\WINDOWS\System32\KERNEL32.DLL
0x00007ffaf7000000 - 0x00007ffaf7249000 	C:\WINDOWS\System32\KERNELBASE.dll
0x00007ffaf7b30000 - 0x00007ffaf7bd1000 	C:\WINDOWS\System32\ADVAPI32.dll
0x00007ffaf9c00000 - 0x00007ffaf9c9d000 	C:\WINDOWS\System32\msvcrt.dll
0x00007ffaf9b90000 - 0x00007ffaf9be9000 	C:\WINDOWS\System32\sechost.dll
0x00007ffaf97c0000 - 0x00007ffaf98e5000 	C:\WINDOWS\System32\RPCRT4.dll
0x00007ffaf75f0000 - 0x00007ffaf773a000 	C:\WINDOWS\System32\USER32.dll
0x00007ffaf7250000 - 0x00007ffaf726e000 	C:\WINDOWS\System32\win32u.dll
0x00007ffaf7b00000 - 0x00007ffaf7b27000 	C:\WINDOWS\System32\GDI32.dll
0x00007ffaf6bb0000 - 0x00007ffaf6d38000 	C:\WINDOWS\System32\gdi32full.dll
0x00007ffaf6f60000 - 0x00007ffaf6ffa000 	C:\WINDOWS\System32\msvcp_win.dll
0x00007ffaf62a0000 - 0x00007ffaf6396000 	C:\WINDOWS\System32\ucrtbase.dll
0x00007ffaea7d0000 - 0x00007ffaeaa37000 	C:\WINDOWS\WinSxS\amd64_microsoft.windows.common-controls_6595b64144ccf1df_6.0.15063.483_none_26002d27e7c744a2\COMCTL32.dll
0x00007ffaf7800000 - 0x00007ffaf7af9000 	C:\WINDOWS\System32\combase.dll
0x00007ffaf6230000 - 0x00007ffaf629a000 	C:\WINDOWS\System32\bcryptPrimitives.dll
0x00007ffaf9990000 - 0x00007ffaf99bd000 	C:\WINDOWS\System32\IMM32.DLL
0x0000000074890000 - 0x0000000074962000 	D:\Java\jre\bin\msvcr100.dll
0x0000000073670000 - 0x0000000073f0c000 	D:\Java\jre\bin\server\jvm.dll
0x00007ffaf9bf0000 - 0x00007ffaf9bf8000 	C:\WINDOWS\System32\PSAPI.DLL
0x00007ffaee090000 - 0x00007ffaee09a000 	C:\WINDOWS\SYSTEM32\VERSION.dll
0x00007ffaf45b0000 - 0x00007ffaf45d3000 	C:\WINDOWS\SYSTEM32\WINMM.dll
0x00007ffae54f0000 - 0x00007ffae54f9000 	C:\WINDOWS\SYSTEM32\WSOCK32.dll
0x00007ffaf9ca0000 - 0x00007ffaf9d0c000 	C:\WINDOWS\System32\WS2_32.dll
0x00007ffaf4530000 - 0x00007ffaf455b000 	C:\WINDOWS\SYSTEM32\winmmbase.dll
0x00007ffaf6f10000 - 0x00007ffaf6f59000 	C:\WINDOWS\System32\cfgmgr32.dll
0x00000000755a0000 - 0x00000000755af000 	D:\Java\jre\bin\verify.dll
0x0000000073640000 - 0x0000000073669000 	D:\Java\jre\bin\java.dll
0x0000000073620000 - 0x0000000073636000 	D:\Java\jre\bin\zip.dll

VM Arguments:
jvm_args: -Dfile.encoding=GBK 
java_command: liuenci.cn.package_20.FlowLayoutTest
java_class_path (initial): D:\Workspaces\MyEclipse 10\javaproject_1\bin;D:\Workspaces\MyEclipse 10\javaproject_1\lib\mysql-connector-java-5.1.6-bin.jar;D:\Workspaces\MyEclipse 10\javaproject_1\lib\JTattoo.jar
Launcher Type: SUN_STANDARD

Environment Variables:
JAVA_HOME=D:\Java\jdk
CLASSPATH=.;D:\Java\jdk\lib;D:\Java\jdk\lib\dt.jar;D:\Java\jdk\lib\tools.jar
PATH=D:/Java/jre/bin/server;D:/Java/jre/bin;D:/Java/jre/lib/amd64;C:\ProgramData\Oracle\Java\javapath;C:\WINDOWS\system32;C:\WINDOWS;C:\WINDOWS\System32\Wbem;C:\WINDOWS\System32\WindowsPowerShell\v1.0\;C:\Program Files\Microsoft SQL Server\130\Tools\Binn\;C:\Program Files (x86)\Microsoft SQL Server\100\Tools\Binn\;C:\Program Files\Microsoft SQL Server\100\Tools\Binn\;C:\Program Files\Microsoft SQL Server\100\DTS\Binn\;C:\Program Files (x86)\Microsoft SQL Server\100\Tools\Binn\VSShell\Common7\IDE\;C:\Program Files (x86)\Microsoft SQL Server\100\DTS\Binn\;C:\Program Files (x86)\Microsoft Visual Studio 9.0\Common7\IDE\PrivateAssemblies\;C:\Users\증\.dnx\bin;;:\Program Files\Microsoft DNX\Dnvm\;C:\Program Files (x86)\Windows Kits\8.1\Windows Performance Toolkit\;C:\Program Files (x86)\Microsoft Emulator Manager\1.0\;D:\Java\jdk\bin;D:\Java\jdk\jre\bin;C:\Program Files (x86)\NVIDIA Corporation\PhysX\Common;D:\Program Files\Git\cmd;D:\Program Files\nodejs\;C:\Program Files\MySQL\MySQL Utilities 1.6\;%SystemRoot%\system32;%SystemRoot%;%SystemRoot%\System32\Wbem;%SYSTEMROOT%\System32\WindowsPowerShell\v1.0\;C:\Users\증\AppData\Local\Microsoft\WindowsApps;D:\Program Files\Bandizip\;C:\Users\증\AppData\Roaming\npm;C:\Program Files\MySQL\MySQL Server 5.7\bin;;C:\Users\증\Desktop;
USERNAME=증
OS=Windows_NT
PROCESSOR_IDENTIFIER=Intel64 Family 6 Model 58 Stepping 9, GenuineIntel



---------------  S Y S T E M  ---------------

OS: Windows 10.0 , 64 bit Build 15063 (10.0.15063.296)

CPU:total 4 (initial active 4) (2 cores per cpu, 2 threads per core) family 6 model 58 stepping 9, cmov, cx8, fxsr, mmx, sse, sse2, sse3, ssse3, sse4.1, sse4.2, popcnt, avx, aes, clmul, erms, ht, tsc, tscinvbit, tscinv

Memory: 4k page, physical 4077880k(249356k free), swap 16660792k(5132k free)

vm_info: Java HotSpot(TM) 64-Bit Server VM (25.131-b11) for windows-amd64 JRE (1.8.0_131-b11), built on Mar 15 2017 01:23:53 by "java_re" with MS VC++ 10.0 (VS2010)

time: Sat Jul 29 12:09:30 2017
elapsed time: 0 seconds (0d 0h 0m 0s)

